<?xml version="1.0" encoding="UTF-8"?>
<!-- Generated by org.testng.reporters.JUnitReportReporter -->
<testsuite hostname="DESKTOP-GV2C5M4" failures="0" tests="1" name="api_tests.PetStoreTest" time="3.709" errors="0" timestamp="2021-08-05T18:32:21 EDT" skipped="0">
  <testcase classname="api_tests.PetStoreTest" name="addNewPetWithJsonFile" time="3.709"/>
  <system-out/>
</testsuite> <!-- api_tests.PetStoreTest -->
