<?xml version="1.0" encoding="UTF-8"?>
<!-- Generated by org.testng.reporters.JUnitReportReporter -->
<testsuite hostname="DESKTOP-GV2C5M4" failures="0" tests="1" name="api_tests.PetStoreTest" time="3.278" errors="0" timestamp="2021-07-10T14:57:04 EDT" skipped="0">
  <testcase classname="api_tests.PetStoreTest" name="deletePet" time="3.278"/>
  <system-out/>
</testsuite> <!-- api_tests.PetStoreTest -->
